ls: cannot access /var/www/html/gitProject/releases: No such file or directory
/usr/local/bin/composer
$ git --version
git --version
git version 1.9.1
git version 1.9.1
/usr/bin/php
/usr/bin/php
$ /usr/bin/php -m
/usr/bin/php -m
[PHP Modules]
bcmath
bz2
calendar
Core
ctype
curl
date
dba
dom
ereg
exif
fileinfo
filter
ftp
gd
gettext
hash
iconv
json
libxml
mbstring
mcrypt
mhash
mysql
mysqli
mysqlnd
openssl
pcntl
pcre
PDO
pdo_mysql
Phar
posix
readline
Reflection
session
shmop
SimpleXML
soap
sockets
SPL
standard
sysvmsg
sysvsem
sysvshm
tokenizer
wddx
xml
xmlreader
xmlwriter
Zend OPcache
zip
zlib
[Zend Modules]
Zend OPcache
$ git clone "https://fundamentalMonitor:mediaplaner66@github.com/fundamentalMonitor/gitProject.git" "/var/www/html/gitProject/releases/20160710191328" --branch="master" --depth="1"
git clone "https://fundamentalMonitor:mediaplaner66@github.com/fundamentalMonitor/gitProject.git" "/var/www/html/gitProject/releases/20160710191328" --branch="master" --depth="1"
Cloning into '/var/www/html/gitProject/releases/20160710191328'...
$ cd /var/www/html/gitProject/releases/20160710191328
$ git submodule update --init --recursive
cd /var/www/html/gitProject/releases/20160710191328
git submodule update --init --recursive


/usr/local/bin/composer



$ cd /var/www/html/gitProject/releases/20160710191328
$ chmod -R 755 /var/www/html/gitProject/releases/20160710191328/app/database/production.sqlite
$ chmod -R g+s /var/www/html/gitProject/releases/20160710191328/app/database/production.sqlite
$ chown -R www-data:www-data /var/www/html/gitProject/releases/20160710191328/app/database/production.sqlite
cd /var/www/html/gitProject/releases/20160710191328
chmod -R 755 /var/www/html/gitProject/releases/20160710191328/app/database/production.sqlite
chmod -R g+s /var/www/html/gitProject/releases/20160710191328/app/database/production.sqlite
chown -R www-data:www-data /var/www/html/gitProject/releases/20160710191328/app/database/production.sqlite
chmod: cannot access ‘/var/www/html/gitProject/releases/20160710191328/app/database/production.sqlite’: No such file or directory
$ cd /var/www/html/gitProject/releases/20160710191328
$ chmod -R 755 /var/www/html/gitProject/releases/20160710191328/storage
$ chmod -R g+s /var/www/html/gitProject/releases/20160710191328/storage
$ chown -R www-data:www-data /var/www/html/gitProject/releases/20160710191328/storage
cd /var/www/html/gitProject/releases/20160710191328
chmod -R 755 /var/www/html/gitProject/releases/20160710191328/storage
chmod -R g+s /var/www/html/gitProject/releases/20160710191328/storage
chown -R www-data:www-data /var/www/html/gitProject/releases/20160710191328/storage
chmod: cannot access ‘/var/www/html/gitProject/releases/20160710191328/storage’: No such file or directory
$ cd /var/www/html/gitProject/releases/20160710191328
$ chmod -R 755 /var/www/html/gitProject/releases/20160710191328/public
$ chmod -R g+s /var/www/html/gitProject/releases/20160710191328/public
$ chown -R www-data:www-data /var/www/html/gitProject/releases/20160710191328/public
cd /var/www/html/gitProject/releases/20160710191328
chmod -R 755 /var/www/html/gitProject/releases/20160710191328/public
chmod -R g+s /var/www/html/gitProject/releases/20160710191328/public
chown -R www-data:www-data /var/www/html/gitProject/releases/20160710191328/public
chmod: cannot access ‘/var/www/html/gitProject/releases/20160710191328/public’: No such file or directory
$ ln -s /var/www/html/gitProject/releases/20160710191328 /var/www/html/gitProject/current-temp
$ mv -Tf /var/www/html/gitProject/current-temp /var/www/html/gitProject/current
ln -s /var/www/html/gitProject/releases/20160710191328 /var/www/html/gitProject/current-temp
mv -Tf /var/www/html/gitProject/current-temp /var/www/html/gitProject/current

|=> No releases to prune from the server